<?xml version="1.0" encoding="UTF-8"?>
<testng-results ignored="0" total="28" passed="22" failed="6" skipped="0">
  <reporter-output>
  </reporter-output>
  <suite started-at="2024-08-11T11:14:36 GMT-04:00" name="TravelApp" finished-at="2024-08-11T11:18:58 GMT-04:00" duration-ms="262368">
    <groups>
    </groups>
    <test started-at="2024-08-11T11:14:36 GMT-04:00" name="TravelAppTestCases" finished-at="2024-08-11T11:18:58 GMT-04:00" duration-ms="262368">
      <class name="TravelApp.Admin_LogOut">
        <test-method is-config="true" signature="setUp()[pri:0, instance:TravelApp.Admin_LogOut@28dcca0c]" started-at="2024-08-11T11:18:54 GMT-04:00" name="setUp" finished-at="2024-08-11T11:18:57 GMT-04:00" duration-ms="2714" status="PASS">
          <reporter-output>
          </reporter-output>
        </test-method> <!-- setUp -->
        <test-method signature="LogOut()[pri:0, instance:TravelApp.Admin_LogOut@28dcca0c]" started-at="2024-08-11T11:18:57 GMT-04:00" name="LogOut" finished-at="2024-08-11T11:18:58 GMT-04:00" duration-ms="1652" status="PASS">
          <reporter-output>
          </reporter-output>
        </test-method> <!-- LogOut -->
        <test-method is-config="true" signature="down()[pri:0, instance:TravelApp.Admin_LogOut@28dcca0c]" started-at="2024-08-11T11:18:58 GMT-04:00" name="down" finished-at="2024-08-11T11:18:58 GMT-04:00" duration-ms="147" status="PASS">
          <reporter-output>
          </reporter-output>
        </test-method> <!-- down -->
      </class> <!-- TravelApp.Admin_LogOut -->
      <class name="TravelApp.Admin_View_Routes_TestCase">
        <test-method is-config="true" signature="setUp()[pri:0, instance:TravelApp.Admin_View_Routes_TestCase@25be7b63]" started-at="2024-08-11T11:18:46 GMT-04:00" name="setUp" finished-at="2024-08-11T11:18:50 GMT-04:00" duration-ms="3756" status="PASS">
          <reporter-output>
          </reporter-output>
        </test-method> <!-- setUp -->
        <test-method signature="View_Routes_btn()[pri:1, instance:TravelApp.Admin_View_Routes_TestCase@25be7b63]" started-at="2024-08-11T11:18:50 GMT-04:00" name="View_Routes_btn" finished-at="2024-08-11T11:18:53 GMT-04:00" duration-ms="3089" status="PASS">
          <reporter-output>
          </reporter-output>
        </test-method> <!-- View_Routes_btn -->
        <test-method is-config="true" signature="down()[pri:0, instance:TravelApp.Admin_View_Routes_TestCase@25be7b63]" started-at="2024-08-11T11:18:53 GMT-04:00" name="down" finished-at="2024-08-11T11:18:54 GMT-04:00" duration-ms="576" status="PASS">
          <reporter-output>
          </reporter-output>
        </test-method> <!-- down -->
      </class> <!-- TravelApp.Admin_View_Routes_TestCase -->
      <class name="TravelApp.Add_routes_Test_Cases">
        <test-method is-config="true" signature="setUp()[pri:0, instance:TravelApp.Add_routes_Test_Cases@304bb45b]" started-at="2024-08-11T11:17:04 GMT-04:00" name="setUp" finished-at="2024-08-11T11:17:08 GMT-04:00" duration-ms="4229" status="PASS">
          <reporter-output>
          </reporter-output>
        </test-method> <!-- setUp -->
        <test-method signature="Min_valid_add_routes()[pri:1, instance:TravelApp.Add_routes_Test_Cases@304bb45b]" started-at="2024-08-11T11:17:08 GMT-04:00" name="Min_valid_add_routes" finished-at="2024-08-11T11:17:12 GMT-04:00" duration-ms="4430" status="PASS">
          <reporter-output>
          </reporter-output>
        </test-method> <!-- Min_valid_add_routes -->
        <test-method is-config="true" signature="down()[pri:0, instance:TravelApp.Add_routes_Test_Cases@304bb45b]" started-at="2024-08-11T11:17:12 GMT-04:00" name="down" finished-at="2024-08-11T11:17:13 GMT-04:00" duration-ms="632" status="PASS">
          <reporter-output>
          </reporter-output>
        </test-method> <!-- down -->
        <test-method is-config="true" signature="setUp()[pri:0, instance:TravelApp.Add_routes_Test_Cases@304bb45b]" started-at="2024-08-11T11:17:13 GMT-04:00" name="setUp" finished-at="2024-08-11T11:17:17 GMT-04:00" duration-ms="4471" status="PASS">
          <reporter-output>
          </reporter-output>
        </test-method> <!-- setUp -->
        <test-method signature="valid_add_routes()[pri:2, instance:TravelApp.Add_routes_Test_Cases@304bb45b]" started-at="2024-08-11T11:17:17 GMT-04:00" name="valid_add_routes" finished-at="2024-08-11T11:17:22 GMT-04:00" duration-ms="4281" status="PASS">
          <reporter-output>
          </reporter-output>
        </test-method> <!-- valid_add_routes -->
        <test-method is-config="true" signature="down()[pri:0, instance:TravelApp.Add_routes_Test_Cases@304bb45b]" started-at="2024-08-11T11:17:22 GMT-04:00" name="down" finished-at="2024-08-11T11:17:22 GMT-04:00" duration-ms="566" status="PASS">
          <reporter-output>
          </reporter-output>
        </test-method> <!-- down -->
        <test-method is-config="true" signature="setUp()[pri:0, instance:TravelApp.Add_routes_Test_Cases@304bb45b]" started-at="2024-08-11T11:17:22 GMT-04:00" name="setUp" finished-at="2024-08-11T11:17:26 GMT-04:00" duration-ms="4211" status="PASS">
          <reporter-output>
          </reporter-output>
        </test-method> <!-- setUp -->
        <test-method signature="Max_valid_add_routes()[pri:3, instance:TravelApp.Add_routes_Test_Cases@304bb45b]" started-at="2024-08-11T11:17:26 GMT-04:00" name="Max_valid_add_routes" finished-at="2024-08-11T11:17:32 GMT-04:00" duration-ms="5638" status="PASS">
          <reporter-output>
          </reporter-output>
        </test-method> <!-- Max_valid_add_routes -->
        <test-method is-config="true" signature="down()[pri:0, instance:TravelApp.Add_routes_Test_Cases@304bb45b]" started-at="2024-08-11T11:17:32 GMT-04:00" name="down" finished-at="2024-08-11T11:17:33 GMT-04:00" duration-ms="553" status="PASS">
          <reporter-output>
          </reporter-output>
        </test-method> <!-- down -->
        <test-method is-config="true" signature="setUp()[pri:0, instance:TravelApp.Add_routes_Test_Cases@304bb45b]" started-at="2024-08-11T11:17:33 GMT-04:00" name="setUp" finished-at="2024-08-11T11:17:37 GMT-04:00" duration-ms="4290" status="PASS">
          <reporter-output>
          </reporter-output>
        </test-method> <!-- setUp -->
        <test-method signature="valid_add_routes_Clr()[pri:4, instance:TravelApp.Add_routes_Test_Cases@304bb45b]" started-at="2024-08-11T11:17:37 GMT-04:00" name="valid_add_routes_Clr" finished-at="2024-08-11T11:17:41 GMT-04:00" duration-ms="4183" status="PASS">
          <reporter-output>
          </reporter-output>
        </test-method> <!-- valid_add_routes_Clr -->
        <test-method is-config="true" signature="down()[pri:0, instance:TravelApp.Add_routes_Test_Cases@304bb45b]" started-at="2024-08-11T11:17:41 GMT-04:00" name="down" finished-at="2024-08-11T11:17:42 GMT-04:00" duration-ms="540" status="PASS">
          <reporter-output>
          </reporter-output>
        </test-method> <!-- down -->
        <test-method is-config="true" signature="setUp()[pri:0, instance:TravelApp.Add_routes_Test_Cases@304bb45b]" started-at="2024-08-11T11:17:42 GMT-04:00" name="setUp" finished-at="2024-08-11T11:17:46 GMT-04:00" duration-ms="4172" status="PASS">
          <reporter-output>
          </reporter-output>
        </test-method> <!-- setUp -->
        <test-method signature="max_Invalid_add_route()[pri:5, instance:TravelApp.Add_routes_Test_Cases@304bb45b]" started-at="2024-08-11T11:17:46 GMT-04:00" name="max_Invalid_add_route" finished-at="2024-08-11T11:17:51 GMT-04:00" duration-ms="5573" status="PASS">
          <reporter-output>
          </reporter-output>
        </test-method> <!-- max_Invalid_add_route -->
        <test-method is-config="true" signature="down()[pri:0, instance:TravelApp.Add_routes_Test_Cases@304bb45b]" started-at="2024-08-11T11:17:51 GMT-04:00" name="down" finished-at="2024-08-11T11:17:52 GMT-04:00" duration-ms="327" status="PASS">
          <reporter-output>
          </reporter-output>
        </test-method> <!-- down -->
        <test-method is-config="true" signature="setUp()[pri:0, instance:TravelApp.Add_routes_Test_Cases@304bb45b]" started-at="2024-08-11T11:17:52 GMT-04:00" name="setUp" finished-at="2024-08-11T11:17:56 GMT-04:00" duration-ms="4601" status="PASS">
          <reporter-output>
          </reporter-output>
        </test-method> <!-- setUp -->
        <test-method signature="empty_Invalid_add_route()[pri:6, instance:TravelApp.Add_routes_Test_Cases@304bb45b]" started-at="2024-08-11T11:17:56 GMT-04:00" name="empty_Invalid_add_route" finished-at="2024-08-11T11:18:00 GMT-04:00" duration-ms="4128" status="PASS">
          <reporter-output>
          </reporter-output>
        </test-method> <!-- empty_Invalid_add_route -->
        <test-method is-config="true" signature="down()[pri:0, instance:TravelApp.Add_routes_Test_Cases@304bb45b]" started-at="2024-08-11T11:18:00 GMT-04:00" name="down" finished-at="2024-08-11T11:18:01 GMT-04:00" duration-ms="368" status="PASS">
          <reporter-output>
          </reporter-output>
        </test-method> <!-- down -->
        <test-method is-config="true" signature="setUp()[pri:0, instance:TravelApp.Add_routes_Test_Cases@304bb45b]" started-at="2024-08-11T11:18:01 GMT-04:00" name="setUp" finished-at="2024-08-11T11:18:05 GMT-04:00" duration-ms="4285" status="PASS">
          <reporter-output>
          </reporter-output>
        </test-method> <!-- setUp -->
        <test-method signature="format_Invalid_add_route()[pri:7, instance:TravelApp.Add_routes_Test_Cases@304bb45b]" started-at="2024-08-11T11:18:05 GMT-04:00" name="format_Invalid_add_route" finished-at="2024-08-11T11:18:10 GMT-04:00" duration-ms="4662" status="PASS">
          <reporter-output>
          </reporter-output>
        </test-method> <!-- format_Invalid_add_route -->
        <test-method is-config="true" signature="down()[pri:0, instance:TravelApp.Add_routes_Test_Cases@304bb45b]" started-at="2024-08-11T11:18:10 GMT-04:00" name="down" finished-at="2024-08-11T11:18:10 GMT-04:00" duration-ms="587" status="PASS">
          <reporter-output>
          </reporter-output>
        </test-method> <!-- down -->
      </class> <!-- TravelApp.Add_routes_Test_Cases -->
      <class name="TravelApp.Add_Travel_TestCases">
        <test-method is-config="true" signature="setUp()[pri:0, instance:TravelApp.Add_Travel_TestCases@723ca036]" started-at="2024-08-11T11:18:10 GMT-04:00" name="setUp" finished-at="2024-08-11T11:18:15 GMT-04:00" duration-ms="4470" status="PASS">
          <reporter-output>
          </reporter-output>
        </test-method> <!-- setUp -->
        <test-method signature="Valid_add_Travel()[pri:1, instance:TravelApp.Add_Travel_TestCases@723ca036]" started-at="2024-08-11T11:18:15 GMT-04:00" name="Valid_add_Travel" finished-at="2024-08-11T11:18:19 GMT-04:00" duration-ms="3767" status="FAIL">
          <exception class="java.lang.AssertionError">
            <message>
              <![CDATA[expected [true] but found [false]]]>
            </message>
            <full-stacktrace>
              <![CDATA[java.lang.AssertionError: expected [true] but found [false]
at org.testng.Assert.fail(Assert.java:111)
at org.testng.Assert.failNotEquals(Assert.java:1578)
at org.testng.Assert.assertTrue(Assert.java:57)
at org.testng.Assert.assertTrue(Assert.java:67)
at TravelApp.Add_Travel_TestCases.Valid_add_Travel(Add_Travel_TestCases.java:61)
at java.base/jdk.internal.reflect.NativeMethodAccessorImpl.invoke0(Native Method)
at java.base/jdk.internal.reflect.NativeMethodAccessorImpl.invoke(NativeMethodAccessorImpl.java:77)
at java.base/jdk.internal.reflect.DelegatingMethodAccessorImpl.invoke(DelegatingMethodAccessorImpl.java:43)
at java.base/java.lang.reflect.Method.invoke(Method.java:568)
at org.testng.internal.invokers.MethodInvocationHelper.invokeMethod(MethodInvocationHelper.java:139)
at org.testng.internal.invokers.TestInvoker.invokeMethod(TestInvoker.java:664)
at org.testng.internal.invokers.TestInvoker.invokeTestMethod(TestInvoker.java:227)
at org.testng.internal.invokers.MethodRunner.runInSequence(MethodRunner.java:50)
at org.testng.internal.invokers.TestInvoker$MethodInvocationAgent.invoke(TestInvoker.java:957)
at org.testng.internal.invokers.TestInvoker.invokeTestMethods(TestInvoker.java:200)
at org.testng.internal.invokers.TestMethodWorker.invokeTestMethods(TestMethodWorker.java:148)
at org.testng.internal.invokers.TestMethodWorker.run(TestMethodWorker.java:128)
at java.base/java.util.ArrayList.forEach(ArrayList.java:1511)
at org.testng.TestRunner.privateRun(TestRunner.java:848)
at org.testng.TestRunner.run(TestRunner.java:621)
at org.testng.SuiteRunner.runTest(SuiteRunner.java:443)
at org.testng.SuiteRunner.runSequentially(SuiteRunner.java:437)
at org.testng.SuiteRunner.privateRun(SuiteRunner.java:397)
at org.testng.SuiteRunner.run(SuiteRunner.java:336)
at org.testng.SuiteRunnerWorker.runSuite(SuiteRunnerWorker.java:52)
at org.testng.SuiteRunnerWorker.run(SuiteRunnerWorker.java:95)
at org.testng.TestNG.runSuitesSequentially(TestNG.java:1280)
at org.testng.TestNG.runSuitesLocally(TestNG.java:1200)
at org.testng.TestNG.runSuites(TestNG.java:1114)
at org.testng.TestNG.run(TestNG.java:1082)
at org.testng.remote.AbstractRemoteTestNG.run(AbstractRemoteTestNG.java:115)
at org.testng.remote.RemoteTestNG.initAndRun(RemoteTestNG.java:293)
at org.testng.remote.RemoteTestNG.main(RemoteTestNG.java:91)
]]>
            </full-stacktrace>
          </exception> <!-- java.lang.AssertionError -->
          <reporter-output>
          </reporter-output>
        </test-method> <!-- Valid_add_Travel -->
        <test-method is-config="true" signature="down()[pri:0, instance:TravelApp.Add_Travel_TestCases@723ca036]" started-at="2024-08-11T11:18:19 GMT-04:00" name="down" finished-at="2024-08-11T11:18:19 GMT-04:00" duration-ms="441" status="PASS">
          <reporter-output>
          </reporter-output>
        </test-method> <!-- down -->
        <test-method is-config="true" signature="setUp()[pri:0, instance:TravelApp.Add_Travel_TestCases@723ca036]" started-at="2024-08-11T11:18:19 GMT-04:00" name="setUp" finished-at="2024-08-11T11:18:24 GMT-04:00" duration-ms="5180" status="PASS">
          <reporter-output>
          </reporter-output>
        </test-method> <!-- setUp -->
        <test-method signature="InValid_add_Travel()[pri:2, instance:TravelApp.Add_Travel_TestCases@723ca036]" started-at="2024-08-11T11:18:24 GMT-04:00" name="InValid_add_Travel" finished-at="2024-08-11T11:18:29 GMT-04:00" duration-ms="4855" status="PASS">
          <reporter-output>
          </reporter-output>
        </test-method> <!-- InValid_add_Travel -->
        <test-method is-config="true" signature="down()[pri:0, instance:TravelApp.Add_Travel_TestCases@723ca036]" started-at="2024-08-11T11:18:29 GMT-04:00" name="down" finished-at="2024-08-11T11:18:29 GMT-04:00" duration-ms="377" status="PASS">
          <reporter-output>
          </reporter-output>
        </test-method> <!-- down -->
        <test-method is-config="true" signature="setUp()[pri:0, instance:TravelApp.Add_Travel_TestCases@723ca036]" started-at="2024-08-11T11:18:29 GMT-04:00" name="setUp" finished-at="2024-08-11T11:18:34 GMT-04:00" duration-ms="4764" status="PASS">
          <reporter-output>
          </reporter-output>
        </test-method> <!-- setUp -->
        <test-method signature="Empty_add_Travel()[pri:3, instance:TravelApp.Add_Travel_TestCases@723ca036]" started-at="2024-08-11T11:18:34 GMT-04:00" name="Empty_add_Travel" finished-at="2024-08-11T11:18:37 GMT-04:00" duration-ms="3213" status="PASS">
          <reporter-output>
          </reporter-output>
        </test-method> <!-- Empty_add_Travel -->
        <test-method is-config="true" signature="down()[pri:0, instance:TravelApp.Add_Travel_TestCases@723ca036]" started-at="2024-08-11T11:18:37 GMT-04:00" name="down" finished-at="2024-08-11T11:18:38 GMT-04:00" duration-ms="384" status="PASS">
          <reporter-output>
          </reporter-output>
        </test-method> <!-- down -->
        <test-method is-config="true" signature="setUp()[pri:0, instance:TravelApp.Add_Travel_TestCases@723ca036]" started-at="2024-08-11T11:18:38 GMT-04:00" name="setUp" finished-at="2024-08-11T11:18:42 GMT-04:00" duration-ms="4310" status="PASS">
          <reporter-output>
          </reporter-output>
        </test-method> <!-- setUp -->
        <test-method signature="SpChar_InValid_add_Travel()[pri:4, instance:TravelApp.Add_Travel_TestCases@723ca036]" started-at="2024-08-11T11:18:42 GMT-04:00" name="SpChar_InValid_add_Travel" finished-at="2024-08-11T11:18:46 GMT-04:00" duration-ms="3910" status="PASS">
          <reporter-output>
          </reporter-output>
        </test-method> <!-- SpChar_InValid_add_Travel -->
        <test-method is-config="true" signature="down()[pri:0, instance:TravelApp.Add_Travel_TestCases@723ca036]" started-at="2024-08-11T11:18:46 GMT-04:00" name="down" finished-at="2024-08-11T11:18:46 GMT-04:00" duration-ms="434" status="PASS">
          <reporter-output>
          </reporter-output>
        </test-method> <!-- down -->
      </class> <!-- TravelApp.Add_Travel_TestCases -->
      <class name="TravelApp.Login_TestCase">
        <test-method is-config="true" signature="setUp()[pri:0, instance:TravelApp.Login_TestCase@48bb62]" started-at="2024-08-11T11:14:36 GMT-04:00" name="setUp" finished-at="2024-08-11T11:14:43 GMT-04:00" duration-ms="6874" status="PASS">
          <reporter-output>
          </reporter-output>
        </test-method> <!-- setUp -->
        <test-method signature="LogIn()[pri:1, instance:TravelApp.Login_TestCase@48bb62]" started-at="2024-08-11T11:14:43 GMT-04:00" name="LogIn" finished-at="2024-08-11T11:14:46 GMT-04:00" duration-ms="2521" status="PASS">
          <reporter-output>
          </reporter-output>
        </test-method> <!-- LogIn -->
        <test-method is-config="true" signature="down()[pri:0, instance:TravelApp.Login_TestCase@48bb62]" started-at="2024-08-11T11:14:46 GMT-04:00" name="down" finished-at="2024-08-11T11:14:50 GMT-04:00" duration-ms="4767" status="PASS">
          <reporter-output>
          </reporter-output>
        </test-method> <!-- down -->
        <test-method is-config="true" signature="setUp()[pri:0, instance:TravelApp.Login_TestCase@48bb62]" started-at="2024-08-11T11:14:50 GMT-04:00" name="setUp" finished-at="2024-08-11T11:14:53 GMT-04:00" duration-ms="2820" status="PASS">
          <reporter-output>
          </reporter-output>
        </test-method> <!-- setUp -->
        <test-method signature="Reset_button()[pri:2, instance:TravelApp.Login_TestCase@48bb62]" started-at="2024-08-11T11:14:53 GMT-04:00" name="Reset_button" finished-at="2024-08-11T11:14:54 GMT-04:00" duration-ms="1216" status="PASS">
          <reporter-output>
          </reporter-output>
        </test-method> <!-- Reset_button -->
        <test-method is-config="true" signature="down()[pri:0, instance:TravelApp.Login_TestCase@48bb62]" started-at="2024-08-11T11:14:54 GMT-04:00" name="down" finished-at="2024-08-11T11:14:59 GMT-04:00" duration-ms="4571" status="PASS">
          <reporter-output>
          </reporter-output>
        </test-method> <!-- down -->
        <test-method is-config="true" signature="setUp()[pri:0, instance:TravelApp.Login_TestCase@48bb62]" started-at="2024-08-11T11:14:59 GMT-04:00" name="setUp" finished-at="2024-08-11T11:15:02 GMT-04:00" duration-ms="2731" status="PASS">
          <reporter-output>
          </reporter-output>
        </test-method> <!-- setUp -->
        <test-method signature="Special_Char()[pri:3, instance:TravelApp.Login_TestCase@48bb62]" started-at="2024-08-11T11:15:02 GMT-04:00" name="Special_Char" finished-at="2024-08-11T11:15:03 GMT-04:00" duration-ms="1155" status="FAIL">
          <exception class="java.lang.AssertionError">
            <full-stacktrace>
              <![CDATA[java.lang.AssertionError
at org.junit.Assert.fail(Assert.java:87)
at org.junit.Assert.assertTrue(Assert.java:42)
at org.junit.Assert.assertFalse(Assert.java:65)
at org.junit.Assert.assertFalse(Assert.java:75)
at TravelApp.Login_TestCase.Special_Char(Login_TestCase.java:66)
at java.base/jdk.internal.reflect.NativeMethodAccessorImpl.invoke0(Native Method)
at java.base/jdk.internal.reflect.NativeMethodAccessorImpl.invoke(NativeMethodAccessorImpl.java:77)
at java.base/jdk.internal.reflect.DelegatingMethodAccessorImpl.invoke(DelegatingMethodAccessorImpl.java:43)
at java.base/java.lang.reflect.Method.invoke(Method.java:568)
at org.testng.internal.invokers.MethodInvocationHelper.invokeMethod(MethodInvocationHelper.java:139)
at org.testng.internal.invokers.TestInvoker.invokeMethod(TestInvoker.java:664)
at org.testng.internal.invokers.TestInvoker.invokeTestMethod(TestInvoker.java:227)
at org.testng.internal.invokers.MethodRunner.runInSequence(MethodRunner.java:50)
at org.testng.internal.invokers.TestInvoker$MethodInvocationAgent.invoke(TestInvoker.java:957)
at org.testng.internal.invokers.TestInvoker.invokeTestMethods(TestInvoker.java:200)
at org.testng.internal.invokers.TestMethodWorker.invokeTestMethods(TestMethodWorker.java:148)
at org.testng.internal.invokers.TestMethodWorker.run(TestMethodWorker.java:128)
at java.base/java.util.ArrayList.forEach(ArrayList.java:1511)
at org.testng.TestRunner.privateRun(TestRunner.java:848)
at org.testng.TestRunner.run(TestRunner.java:621)
at org.testng.SuiteRunner.runTest(SuiteRunner.java:443)
at org.testng.SuiteRunner.runSequentially(SuiteRunner.java:437)
at org.testng.SuiteRunner.privateRun(SuiteRunner.java:397)
at org.testng.SuiteRunner.run(SuiteRunner.java:336)
at org.testng.SuiteRunnerWorker.runSuite(SuiteRunnerWorker.java:52)
at org.testng.SuiteRunnerWorker.run(SuiteRunnerWorker.java:95)
at org.testng.TestNG.runSuitesSequentially(TestNG.java:1280)
at org.testng.TestNG.runSuitesLocally(TestNG.java:1200)
at org.testng.TestNG.runSuites(TestNG.java:1114)
at org.testng.TestNG.run(TestNG.java:1082)
at org.testng.remote.AbstractRemoteTestNG.run(AbstractRemoteTestNG.java:115)
at org.testng.remote.RemoteTestNG.initAndRun(RemoteTestNG.java:293)
at org.testng.remote.RemoteTestNG.main(RemoteTestNG.java:91)
]]>
            </full-stacktrace>
          </exception> <!-- java.lang.AssertionError -->
          <reporter-output>
          </reporter-output>
        </test-method> <!-- Special_Char -->
        <test-method is-config="true" signature="down()[pri:0, instance:TravelApp.Login_TestCase@48bb62]" started-at="2024-08-11T11:15:03 GMT-04:00" name="down" finished-at="2024-08-11T11:15:07 GMT-04:00" duration-ms="4559" status="PASS">
          <reporter-output>
          </reporter-output>
        </test-method> <!-- down -->
        <test-method is-config="true" signature="setUp()[pri:0, instance:TravelApp.Login_TestCase@48bb62]" started-at="2024-08-11T11:15:07 GMT-04:00" name="setUp" finished-at="2024-08-11T11:15:10 GMT-04:00" duration-ms="2667" status="PASS">
          <reporter-output>
          </reporter-output>
        </test-method> <!-- setUp -->
        <test-method signature="Inv_max()[pri:4, instance:TravelApp.Login_TestCase@48bb62]" started-at="2024-08-11T11:15:10 GMT-04:00" name="Inv_max" finished-at="2024-08-11T11:15:12 GMT-04:00" duration-ms="1939" status="FAIL">
          <exception class="java.lang.AssertionError">
            <full-stacktrace>
              <![CDATA[java.lang.AssertionError
at org.junit.Assert.fail(Assert.java:87)
at org.junit.Assert.assertTrue(Assert.java:42)
at org.junit.Assert.assertFalse(Assert.java:65)
at org.junit.Assert.assertFalse(Assert.java:75)
at TravelApp.Login_TestCase.Inv_max(Login_TestCase.java:79)
at java.base/jdk.internal.reflect.NativeMethodAccessorImpl.invoke0(Native Method)
at java.base/jdk.internal.reflect.NativeMethodAccessorImpl.invoke(NativeMethodAccessorImpl.java:77)
at java.base/jdk.internal.reflect.DelegatingMethodAccessorImpl.invoke(DelegatingMethodAccessorImpl.java:43)
at java.base/java.lang.reflect.Method.invoke(Method.java:568)
at org.testng.internal.invokers.MethodInvocationHelper.invokeMethod(MethodInvocationHelper.java:139)
at org.testng.internal.invokers.TestInvoker.invokeMethod(TestInvoker.java:664)
at org.testng.internal.invokers.TestInvoker.invokeTestMethod(TestInvoker.java:227)
at org.testng.internal.invokers.MethodRunner.runInSequence(MethodRunner.java:50)
at org.testng.internal.invokers.TestInvoker$MethodInvocationAgent.invoke(TestInvoker.java:957)
at org.testng.internal.invokers.TestInvoker.invokeTestMethods(TestInvoker.java:200)
at org.testng.internal.invokers.TestMethodWorker.invokeTestMethods(TestMethodWorker.java:148)
at org.testng.internal.invokers.TestMethodWorker.run(TestMethodWorker.java:128)
at java.base/java.util.ArrayList.forEach(ArrayList.java:1511)
at org.testng.TestRunner.privateRun(TestRunner.java:848)
at org.testng.TestRunner.run(TestRunner.java:621)
at org.testng.SuiteRunner.runTest(SuiteRunner.java:443)
at org.testng.SuiteRunner.runSequentially(SuiteRunner.java:437)
at org.testng.SuiteRunner.privateRun(SuiteRunner.java:397)
at org.testng.SuiteRunner.run(SuiteRunner.java:336)
at org.testng.SuiteRunnerWorker.runSuite(SuiteRunnerWorker.java:52)
at org.testng.SuiteRunnerWorker.run(SuiteRunnerWorker.java:95)
at org.testng.TestNG.runSuitesSequentially(TestNG.java:1280)
at org.testng.TestNG.runSuitesLocally(TestNG.java:1200)
at org.testng.TestNG.runSuites(TestNG.java:1114)
at org.testng.TestNG.run(TestNG.java:1082)
at org.testng.remote.AbstractRemoteTestNG.run(AbstractRemoteTestNG.java:115)
at org.testng.remote.RemoteTestNG.initAndRun(RemoteTestNG.java:293)
at org.testng.remote.RemoteTestNG.main(RemoteTestNG.java:91)
]]>
            </full-stacktrace>
          </exception> <!-- java.lang.AssertionError -->
          <reporter-output>
          </reporter-output>
        </test-method> <!-- Inv_max -->
        <test-method is-config="true" signature="down()[pri:0, instance:TravelApp.Login_TestCase@48bb62]" started-at="2024-08-11T11:15:12 GMT-04:00" name="down" finished-at="2024-08-11T11:15:17 GMT-04:00" duration-ms="4639" status="PASS">
          <reporter-output>
          </reporter-output>
        </test-method> <!-- down -->
        <test-method is-config="true" signature="setUp()[pri:0, instance:TravelApp.Login_TestCase@48bb62]" started-at="2024-08-11T11:15:17 GMT-04:00" name="setUp" finished-at="2024-08-11T11:15:19 GMT-04:00" duration-ms="2653" status="PASS">
          <reporter-output>
          </reporter-output>
        </test-method> <!-- setUp -->
        <test-method signature="Empty()[pri:5, instance:TravelApp.Login_TestCase@48bb62]" started-at="2024-08-11T11:15:19 GMT-04:00" name="Empty" finished-at="2024-08-11T11:15:21 GMT-04:00" duration-ms="1554" status="FAIL">
          <exception class="java.lang.AssertionError">
            <full-stacktrace>
              <![CDATA[java.lang.AssertionError
at org.junit.Assert.fail(Assert.java:87)
at org.junit.Assert.assertTrue(Assert.java:42)
at org.junit.Assert.assertFalse(Assert.java:65)
at org.junit.Assert.assertFalse(Assert.java:75)
at TravelApp.Login_TestCase.Empty(Login_TestCase.java:91)
at java.base/jdk.internal.reflect.NativeMethodAccessorImpl.invoke0(Native Method)
at java.base/jdk.internal.reflect.NativeMethodAccessorImpl.invoke(NativeMethodAccessorImpl.java:77)
at java.base/jdk.internal.reflect.DelegatingMethodAccessorImpl.invoke(DelegatingMethodAccessorImpl.java:43)
at java.base/java.lang.reflect.Method.invoke(Method.java:568)
at org.testng.internal.invokers.MethodInvocationHelper.invokeMethod(MethodInvocationHelper.java:139)
at org.testng.internal.invokers.TestInvoker.invokeMethod(TestInvoker.java:664)
at org.testng.internal.invokers.TestInvoker.invokeTestMethod(TestInvoker.java:227)
at org.testng.internal.invokers.MethodRunner.runInSequence(MethodRunner.java:50)
at org.testng.internal.invokers.TestInvoker$MethodInvocationAgent.invoke(TestInvoker.java:957)
at org.testng.internal.invokers.TestInvoker.invokeTestMethods(TestInvoker.java:200)
at org.testng.internal.invokers.TestMethodWorker.invokeTestMethods(TestMethodWorker.java:148)
at org.testng.internal.invokers.TestMethodWorker.run(TestMethodWorker.java:128)
at java.base/java.util.ArrayList.forEach(ArrayList.java:1511)
at org.testng.TestRunner.privateRun(TestRunner.java:848)
at org.testng.TestRunner.run(TestRunner.java:621)
at org.testng.SuiteRunner.runTest(SuiteRunner.java:443)
at org.testng.SuiteRunner.runSequentially(SuiteRunner.java:437)
at org.testng.SuiteRunner.privateRun(SuiteRunner.java:397)
at org.testng.SuiteRunner.run(SuiteRunner.java:336)
at org.testng.SuiteRunnerWorker.runSuite(SuiteRunnerWorker.java:52)
at org.testng.SuiteRunnerWorker.run(SuiteRunnerWorker.java:95)
at org.testng.TestNG.runSuitesSequentially(TestNG.java:1280)
at org.testng.TestNG.runSuitesLocally(TestNG.java:1200)
at org.testng.TestNG.runSuites(TestNG.java:1114)
at org.testng.TestNG.run(TestNG.java:1082)
at org.testng.remote.AbstractRemoteTestNG.run(AbstractRemoteTestNG.java:115)
at org.testng.remote.RemoteTestNG.initAndRun(RemoteTestNG.java:293)
at org.testng.remote.RemoteTestNG.main(RemoteTestNG.java:91)
]]>
            </full-stacktrace>
          </exception> <!-- java.lang.AssertionError -->
          <reporter-output>
          </reporter-output>
        </test-method> <!-- Empty -->
        <test-method is-config="true" signature="down()[pri:0, instance:TravelApp.Login_TestCase@48bb62]" started-at="2024-08-11T11:15:21 GMT-04:00" name="down" finished-at="2024-08-11T11:15:26 GMT-04:00" duration-ms="5053" status="PASS">
          <reporter-output>
          </reporter-output>
        </test-method> <!-- down -->
      </class> <!-- TravelApp.Login_TestCase -->
      <class name="TravelApp.Give_Feedback_TestCases">
        <test-method is-config="true" signature="setUp()[pri:0, instance:TravelApp.Give_Feedback_TestCases@533bda92]" started-at="2024-08-11T11:15:44 GMT-04:00" name="setUp" finished-at="2024-08-11T11:15:48 GMT-04:00" duration-ms="4540" status="PASS">
          <reporter-output>
          </reporter-output>
        </test-method> <!-- setUp -->
        <test-method signature="GiveFeedback()[pri:1, instance:TravelApp.Give_Feedback_TestCases@533bda92]" started-at="2024-08-11T11:15:48 GMT-04:00" name="GiveFeedback" finished-at="2024-08-11T11:15:51 GMT-04:00" duration-ms="2934" status="PASS">
          <reporter-output>
          </reporter-output>
        </test-method> <!-- GiveFeedback -->
        <test-method is-config="true" signature="down()[pri:0, instance:TravelApp.Give_Feedback_TestCases@533bda92]" started-at="2024-08-11T11:15:51 GMT-04:00" name="down" finished-at="2024-08-11T11:15:52 GMT-04:00" duration-ms="551" status="PASS">
          <reporter-output>
          </reporter-output>
        </test-method> <!-- down -->
        <test-method is-config="true" signature="setUp()[pri:0, instance:TravelApp.Give_Feedback_TestCases@533bda92]" started-at="2024-08-11T11:15:52 GMT-04:00" name="setUp" finished-at="2024-08-11T11:15:57 GMT-04:00" duration-ms="4615" status="PASS">
          <reporter-output>
          </reporter-output>
        </test-method> <!-- setUp -->
        <test-method signature="Max_Feedback()[pri:2, instance:TravelApp.Give_Feedback_TestCases@533bda92]" started-at="2024-08-11T11:15:57 GMT-04:00" name="Max_Feedback" finished-at="2024-08-11T11:16:00 GMT-04:00" duration-ms="3224" status="PASS">
          <reporter-output>
          </reporter-output>
        </test-method> <!-- Max_Feedback -->
        <test-method is-config="true" signature="down()[pri:0, instance:TravelApp.Give_Feedback_TestCases@533bda92]" started-at="2024-08-11T11:16:00 GMT-04:00" name="down" finished-at="2024-08-11T11:16:02 GMT-04:00" duration-ms="2203" status="PASS">
          <reporter-output>
          </reporter-output>
        </test-method> <!-- down -->
        <test-method is-config="true" signature="setUp()[pri:0, instance:TravelApp.Give_Feedback_TestCases@533bda92]" started-at="2024-08-11T11:16:02 GMT-04:00" name="setUp" finished-at="2024-08-11T11:16:06 GMT-04:00" duration-ms="4404" status="PASS">
          <reporter-output>
          </reporter-output>
        </test-method> <!-- setUp -->
        <test-method signature="clear_Feedback()[pri:3, instance:TravelApp.Give_Feedback_TestCases@533bda92]" started-at="2024-08-11T11:16:06 GMT-04:00" name="clear_Feedback" finished-at="2024-08-11T11:16:12 GMT-04:00" duration-ms="5448" status="PASS">
          <reporter-output>
          </reporter-output>
        </test-method> <!-- clear_Feedback -->
        <test-method is-config="true" signature="down()[pri:0, instance:TravelApp.Give_Feedback_TestCases@533bda92]" started-at="2024-08-11T11:16:12 GMT-04:00" name="down" finished-at="2024-08-11T11:16:12 GMT-04:00" duration-ms="662" status="PASS">
          <reporter-output>
          </reporter-output>
        </test-method> <!-- down -->
        <test-method is-config="true" signature="setUp()[pri:0, instance:TravelApp.Give_Feedback_TestCases@533bda92]" started-at="2024-08-11T11:16:12 GMT-04:00" name="setUp" finished-at="2024-08-11T11:16:17 GMT-04:00" duration-ms="4744" status="PASS">
          <reporter-output>
          </reporter-output>
        </test-method> <!-- setUp -->
        <test-method signature="Inv_SpecialChar()[pri:4, instance:TravelApp.Give_Feedback_TestCases@533bda92]" started-at="2024-08-11T11:16:17 GMT-04:00" name="Inv_SpecialChar" finished-at="2024-08-11T11:16:24 GMT-04:00" duration-ms="6443" status="FAIL">
          <exception class="org.openqa.selenium.NoSuchElementException">
            <message>
              <![CDATA[no such element: Unable to locate element: {"method":"xpath","selector":"//frame[@Name='tgt']"}
  (Session info: chrome=127.0.6533.100)
For documentation on this error, please visit: https://www.selenium.dev/documentation/webdriver/troubleshooting/errors#no-such-element-exception
Build info: version: '4.23.0', revision: '4df0a231af'
System info: os.name: 'Windows 11', os.arch: 'amd64', os.version: '10.0', java.version: '17.0.7'
Driver info: org.openqa.selenium.chrome.ChromeDriver
Command: [cfa130d5a7500cc0dfa9848be3628a73, findElement {using=xpath, value=//frame[@Name='tgt']}]
Capabilities {acceptInsecureCerts: false, browserName: chrome, browserVersion: 127.0.6533.100, chrome: {chromedriverVersion: 127.0.6533.99 (f31af5097d90..., userDataDir: C:\Users\RUTVIK~1\AppData\L...}, fedcm:accounts: true, goog:chromeOptions: {debuggerAddress: localhost:50178}, networkConnectionEnabled: false, pageLoadStrategy: normal, platformName: windows, proxy: Proxy(), se:cdp: ws://localhost:50178/devtoo..., se:cdpVersion: 127.0.6533.100, setWindowRect: true, strictFileInteractability: false, timeouts: {implicit: 0, pageLoad: 300000, script: 30000}, unhandledPromptBehavior: dismiss and notify, webauthn:extension:credBlob: true, webauthn:extension:largeBlob: true, webauthn:extension:minPinLength: true, webauthn:extension:prf: true, webauthn:virtualAuthenticators: true}
Session ID: cfa130d5a7500cc0dfa9848be3628a73]]>
            </message>
            <full-stacktrace>
              <![CDATA[org.openqa.selenium.NoSuchElementException: no such element: Unable to locate element: {"method":"xpath","selector":"//frame[@Name='tgt']"}
  (Session info: chrome=127.0.6533.100)
For documentation on this error, please visit: https://www.selenium.dev/documentation/webdriver/troubleshooting/errors#no-such-element-exception
Build info: version: '4.23.0', revision: '4df0a231af'
System info: os.name: 'Windows 11', os.arch: 'amd64', os.version: '10.0', java.version: '17.0.7'
Driver info: org.openqa.selenium.chrome.ChromeDriver
Command: [cfa130d5a7500cc0dfa9848be3628a73, findElement {using=xpath, value=//frame[@Name='tgt']}]
Capabilities {acceptInsecureCerts: false, browserName: chrome, browserVersion: 127.0.6533.100, chrome: {chromedriverVersion: 127.0.6533.99 (f31af5097d90..., userDataDir: C:\Users\RUTVIK~1\AppData\L...}, fedcm:accounts: true, goog:chromeOptions: {debuggerAddress: localhost:50178}, networkConnectionEnabled: false, pageLoadStrategy: normal, platformName: windows, proxy: Proxy(), se:cdp: ws://localhost:50178/devtoo..., se:cdpVersion: 127.0.6533.100, setWindowRect: true, strictFileInteractability: false, timeouts: {implicit: 0, pageLoad: 300000, script: 30000}, unhandledPromptBehavior: dismiss and notify, webauthn:extension:credBlob: true, webauthn:extension:largeBlob: true, webauthn:extension:minPinLength: true, webauthn:extension:prf: true, webauthn:virtualAuthenticators: true}
Session ID: cfa130d5a7500cc0dfa9848be3628a73
at java.base/jdk.internal.reflect.NativeConstructorAccessorImpl.newInstance0(Native Method)
at java.base/jdk.internal.reflect.NativeConstructorAccessorImpl.newInstance(NativeConstructorAccessorImpl.java:77)
at java.base/jdk.internal.reflect.DelegatingConstructorAccessorImpl.newInstance(DelegatingConstructorAccessorImpl.java:45)
at java.base/java.lang.reflect.Constructor.newInstanceWithCaller(Constructor.java:499)
at java.base/java.lang.reflect.Constructor.newInstance(Constructor.java:480)
at org.openqa.selenium.remote.ErrorCodec.decode(ErrorCodec.java:167)
at org.openqa.selenium.remote.codec.w3c.W3CHttpResponseCodec.decode(W3CHttpResponseCodec.java:138)
at org.openqa.selenium.remote.codec.w3c.W3CHttpResponseCodec.decode(W3CHttpResponseCodec.java:50)
at org.openqa.selenium.remote.HttpCommandExecutor.execute(HttpCommandExecutor.java:190)
at org.openqa.selenium.remote.service.DriverCommandExecutor.invokeExecute(DriverCommandExecutor.java:216)
at org.openqa.selenium.remote.service.DriverCommandExecutor.execute(DriverCommandExecutor.java:174)
at org.openqa.selenium.remote.RemoteWebDriver.execute(RemoteWebDriver.java:527)
at org.openqa.selenium.remote.ElementLocation$ElementFinder$2.findElement(ElementLocation.java:165)
at org.openqa.selenium.remote.ElementLocation.findElement(ElementLocation.java:59)
at org.openqa.selenium.remote.RemoteWebDriver.findElement(RemoteWebDriver.java:357)
at org.openqa.selenium.remote.RemoteWebDriver.findElement(RemoteWebDriver.java:351)
at TravelApp.Give_Feedback_TestCases.Inv_SpecialChar(Give_Feedback_TestCases.java:121)
at java.base/jdk.internal.reflect.NativeMethodAccessorImpl.invoke0(Native Method)
at java.base/jdk.internal.reflect.NativeMethodAccessorImpl.invoke(NativeMethodAccessorImpl.java:77)
at java.base/jdk.internal.reflect.DelegatingMethodAccessorImpl.invoke(DelegatingMethodAccessorImpl.java:43)
at java.base/java.lang.reflect.Method.invoke(Method.java:568)
at org.testng.internal.invokers.MethodInvocationHelper.invokeMethod(MethodInvocationHelper.java:139)
at org.testng.internal.invokers.TestInvoker.invokeMethod(TestInvoker.java:664)
at org.testng.internal.invokers.TestInvoker.invokeTestMethod(TestInvoker.java:227)
at org.testng.internal.invokers.MethodRunner.runInSequence(MethodRunner.java:50)
at org.testng.internal.invokers.TestInvoker$MethodInvocationAgent.invoke(TestInvoker.java:957)
at org.testng.internal.invokers.TestInvoker.invokeTestMethods(TestInvoker.java:200)
at org.testng.internal.invokers.TestMethodWorker.invokeTestMethods(TestMethodWorker.java:148)
at org.testng.internal.invokers.TestMethodWorker.run(TestMethodWorker.java:128)
at java.base/java.util.ArrayList.forEach(ArrayList.java:1511)
at org.testng.TestRunner.privateRun(TestRunner.java:848)
at org.testng.TestRunner.run(TestRunner.java:621)
at org.testng.SuiteRunner.runTest(SuiteRunner.java:443)
at org.testng.SuiteRunner.runSequentially(SuiteRunner.java:437)
at org.testng.SuiteRunner.privateRun(SuiteRunner.java:397)
at org.testng.SuiteRunner.run(SuiteRunner.java:336)
at org.testng.SuiteRunnerWorker.runSuite(SuiteRunnerWorker.java:52)
at org.testng.SuiteRunnerWorker.run(SuiteRunnerWorker.java:95)
at org.testng.TestNG.runSuitesSequentially(TestNG.java:1280)
at org.testng.TestNG.runSuitesLocally(TestNG.java:1200)
at org.testng.TestNG.runSuites(TestNG.java:1114)
at org.testng.TestNG.run(TestNG.java:1082)
at org.testng.remote.AbstractRemoteTestNG.run(AbstractRemoteTestNG.java:115)
at org.testng.remote.RemoteTestNG.initAndRun(RemoteTestNG.java:293)
at org.testng.remote.RemoteTestNG.main(RemoteTestNG.java:91)
]]>
            </full-stacktrace>
          </exception> <!-- org.openqa.selenium.NoSuchElementException -->
          <reporter-output>
          </reporter-output>
        </test-method> <!-- Inv_SpecialChar -->
        <test-method is-config="true" signature="down()[pri:0, instance:TravelApp.Give_Feedback_TestCases@533bda92]" started-at="2024-08-11T11:16:24 GMT-04:00" name="down" finished-at="2024-08-11T11:16:24 GMT-04:00" duration-ms="642" status="PASS">
          <reporter-output>
          </reporter-output>
        </test-method> <!-- down -->
        <test-method is-config="true" signature="setUp()[pri:0, instance:TravelApp.Give_Feedback_TestCases@533bda92]" started-at="2024-08-11T11:16:24 GMT-04:00" name="setUp" finished-at="2024-08-11T11:16:29 GMT-04:00" duration-ms="4453" status="PASS">
          <reporter-output>
          </reporter-output>
        </test-method> <!-- setUp -->
        <test-method signature="Inv_Empty_Feedback()[pri:5, instance:TravelApp.Give_Feedback_TestCases@533bda92]" started-at="2024-08-11T11:16:29 GMT-04:00" name="Inv_Empty_Feedback" finished-at="2024-08-11T11:16:31 GMT-04:00" duration-ms="2510" status="PASS">
          <reporter-output>
          </reporter-output>
        </test-method> <!-- Inv_Empty_Feedback -->
        <test-method is-config="true" signature="down()[pri:0, instance:TravelApp.Give_Feedback_TestCases@533bda92]" started-at="2024-08-11T11:16:31 GMT-04:00" name="down" finished-at="2024-08-11T11:16:32 GMT-04:00" duration-ms="553" status="PASS">
          <reporter-output>
          </reporter-output>
        </test-method> <!-- down -->
        <test-method is-config="true" signature="setUp()[pri:0, instance:TravelApp.Give_Feedback_TestCases@533bda92]" started-at="2024-08-11T11:16:32 GMT-04:00" name="setUp" finished-at="2024-08-11T11:16:37 GMT-04:00" duration-ms="5294" status="PASS">
          <reporter-output>
          </reporter-output>
        </test-method> <!-- setUp -->
        <test-method signature="Inv_TooShort()[pri:6, instance:TravelApp.Give_Feedback_TestCases@533bda92]" started-at="2024-08-11T11:16:37 GMT-04:00" name="Inv_TooShort" finished-at="2024-08-11T11:16:38 GMT-04:00" duration-ms="650" status="FAIL">
          <exception class="java.lang.NullPointerException">
            <message>
              <![CDATA[Cannot invoke "TravelApp.Login_Page.takeScreenshot(String)" because "TravelApp.Give_Feedback_TestCases.Lp" is null]]>
            </message>
            <full-stacktrace>
              <![CDATA[java.lang.NullPointerException: Cannot invoke "TravelApp.Login_Page.takeScreenshot(String)" because "TravelApp.Give_Feedback_TestCases.Lp" is null
at TravelApp.Give_Feedback_TestCases.Inv_TooShort(Give_Feedback_TestCases.java:154)
at java.base/jdk.internal.reflect.NativeMethodAccessorImpl.invoke0(Native Method)
at java.base/jdk.internal.reflect.NativeMethodAccessorImpl.invoke(NativeMethodAccessorImpl.java:77)
at java.base/jdk.internal.reflect.DelegatingMethodAccessorImpl.invoke(DelegatingMethodAccessorImpl.java:43)
at java.base/java.lang.reflect.Method.invoke(Method.java:568)
at org.testng.internal.invokers.MethodInvocationHelper.invokeMethod(MethodInvocationHelper.java:139)
at org.testng.internal.invokers.TestInvoker.invokeMethod(TestInvoker.java:664)
at org.testng.internal.invokers.TestInvoker.invokeTestMethod(TestInvoker.java:227)
at org.testng.internal.invokers.MethodRunner.runInSequence(MethodRunner.java:50)
at org.testng.internal.invokers.TestInvoker$MethodInvocationAgent.invoke(TestInvoker.java:957)
at org.testng.internal.invokers.TestInvoker.invokeTestMethods(TestInvoker.java:200)
at org.testng.internal.invokers.TestMethodWorker.invokeTestMethods(TestMethodWorker.java:148)
at org.testng.internal.invokers.TestMethodWorker.run(TestMethodWorker.java:128)
at java.base/java.util.ArrayList.forEach(ArrayList.java:1511)
at org.testng.TestRunner.privateRun(TestRunner.java:848)
at org.testng.TestRunner.run(TestRunner.java:621)
at org.testng.SuiteRunner.runTest(SuiteRunner.java:443)
at org.testng.SuiteRunner.runSequentially(SuiteRunner.java:437)
at org.testng.SuiteRunner.privateRun(SuiteRunner.java:397)
at org.testng.SuiteRunner.run(SuiteRunner.java:336)
at org.testng.SuiteRunnerWorker.runSuite(SuiteRunnerWorker.java:52)
at org.testng.SuiteRunnerWorker.run(SuiteRunnerWorker.java:95)
at org.testng.TestNG.runSuitesSequentially(TestNG.java:1280)
at org.testng.TestNG.runSuitesLocally(TestNG.java:1200)
at org.testng.TestNG.runSuites(TestNG.java:1114)
at org.testng.TestNG.run(TestNG.java:1082)
at org.testng.remote.AbstractRemoteTestNG.run(AbstractRemoteTestNG.java:115)
at org.testng.remote.RemoteTestNG.initAndRun(RemoteTestNG.java:293)
at org.testng.remote.RemoteTestNG.main(RemoteTestNG.java:91)
]]>
            </full-stacktrace>
          </exception> <!-- java.lang.NullPointerException -->
          <reporter-output>
          </reporter-output>
        </test-method> <!-- Inv_TooShort -->
        <test-method is-config="true" signature="down()[pri:0, instance:TravelApp.Give_Feedback_TestCases@533bda92]" started-at="2024-08-11T11:16:38 GMT-04:00" name="down" finished-at="2024-08-11T11:16:38 GMT-04:00" duration-ms="522" status="PASS">
          <reporter-output>
          </reporter-output>
        </test-method> <!-- down -->
        <test-method is-config="true" signature="setUp()[pri:0, instance:TravelApp.Give_Feedback_TestCases@533bda92]" started-at="2024-08-11T11:16:38 GMT-04:00" name="setUp" finished-at="2024-08-11T11:16:43 GMT-04:00" duration-ms="4767" status="PASS">
          <reporter-output>
          </reporter-output>
        </test-method> <!-- setUp -->
        <test-method signature="Inv_TooLong()[pri:7, instance:TravelApp.Give_Feedback_TestCases@533bda92]" started-at="2024-08-11T11:16:43 GMT-04:00" name="Inv_TooLong" finished-at="2024-08-11T11:16:56 GMT-04:00" duration-ms="12440" status="PASS">
          <reporter-output>
          </reporter-output>
        </test-method> <!-- Inv_TooLong -->
        <test-method is-config="true" signature="down()[pri:0, instance:TravelApp.Give_Feedback_TestCases@533bda92]" started-at="2024-08-11T11:16:56 GMT-04:00" name="down" finished-at="2024-08-11T11:16:56 GMT-04:00" duration-ms="549" status="PASS">
          <reporter-output>
          </reporter-output>
        </test-method> <!-- down -->
        <test-method is-config="true" signature="setUp()[pri:0, instance:TravelApp.Give_Feedback_TestCases@533bda92]" started-at="2024-08-11T11:16:56 GMT-04:00" name="setUp" finished-at="2024-08-11T11:17:00 GMT-04:00" duration-ms="4369" status="PASS">
          <reporter-output>
          </reporter-output>
        </test-method> <!-- setUp -->
        <test-method signature="Inv_Format()[pri:8, instance:TravelApp.Give_Feedback_TestCases@533bda92]" started-at="2024-08-11T11:17:00 GMT-04:00" name="Inv_Format" finished-at="2024-08-11T11:17:03 GMT-04:00" duration-ms="2519" status="PASS">
          <reporter-output>
          </reporter-output>
        </test-method> <!-- Inv_Format -->
        <test-method is-config="true" signature="down()[pri:0, instance:TravelApp.Give_Feedback_TestCases@533bda92]" started-at="2024-08-11T11:17:03 GMT-04:00" name="down" finished-at="2024-08-11T11:17:04 GMT-04:00" duration-ms="575" status="PASS">
          <reporter-output>
          </reporter-output>
        </test-method> <!-- down -->
      </class> <!-- TravelApp.Give_Feedback_TestCases -->
      <class name="TravelApp.View_Routes_Feedback">
        <test-method is-config="true" signature="setUp()[pri:0, instance:TravelApp.View_Routes_Feedback@7fd50002]" started-at="2024-08-11T11:15:26 GMT-04:00" name="setUp" finished-at="2024-08-11T11:15:30 GMT-04:00" duration-ms="4453" status="PASS">
          <reporter-output>
          </reporter-output>
        </test-method> <!-- setUp -->
        <test-method signature="View_Routes_btn()[pri:1, instance:TravelApp.View_Routes_Feedback@7fd50002]" started-at="2024-08-11T11:15:30 GMT-04:00" name="View_Routes_btn" finished-at="2024-08-11T11:15:33 GMT-04:00" duration-ms="2307" status="PASS">
          <reporter-output>
          </reporter-output>
        </test-method> <!-- View_Routes_btn -->
        <test-method is-config="true" signature="down()[pri:0, instance:TravelApp.View_Routes_Feedback@7fd50002]" started-at="2024-08-11T11:15:33 GMT-04:00" name="down" finished-at="2024-08-11T11:15:33 GMT-04:00" duration-ms="600" status="PASS">
          <reporter-output>
          </reporter-output>
        </test-method> <!-- down -->
        <test-method is-config="true" signature="setUp()[pri:0, instance:TravelApp.View_Routes_Feedback@7fd50002]" started-at="2024-08-11T11:15:33 GMT-04:00" name="setUp" finished-at="2024-08-11T11:15:37 GMT-04:00" duration-ms="4164" status="PASS">
          <reporter-output>
          </reporter-output>
        </test-method> <!-- setUp -->
        <test-method signature="View_Feedback_btn()[pri:2, instance:TravelApp.View_Routes_Feedback@7fd50002]" started-at="2024-08-11T11:15:37 GMT-04:00" name="View_Feedback_btn" finished-at="2024-08-11T11:15:43 GMT-04:00" duration-ms="5896" status="PASS">
          <reporter-output>
          </reporter-output>
        </test-method> <!-- View_Feedback_btn -->
        <test-method is-config="true" signature="down()[pri:0, instance:TravelApp.View_Routes_Feedback@7fd50002]" started-at="2024-08-11T11:15:43 GMT-04:00" name="down" finished-at="2024-08-11T11:15:44 GMT-04:00" duration-ms="554" status="PASS">
          <reporter-output>
          </reporter-output>
        </test-method> <!-- down -->
      </class> <!-- TravelApp.View_Routes_Feedback -->
    </test> <!-- TravelAppTestCases -->
  </suite> <!-- TravelApp -->
</testng-results>
