<?xml version="1.0" encoding="UTF-8"?>
<!-- Generated by org.testng.reporters.JUnitXMLReporter -->
<testsuite ignored="0" hostname="LAPTOP-099NDTTJ" failures="6" tests="28" name="TravelAppTestCases" time="262.368" errors="0" timestamp="2024-08-11T11:18:59 GMT-04:00">
  <testcase classname="TravelApp.Login_TestCase" name="LogIn" time="2.521"/>
  <testcase classname="TravelApp.Login_TestCase" name="Reset_button" time="1.216"/>
  <testcase classname="TravelApp.Login_TestCase" name="Special_Char" time="1.155">
    <failure type="java.lang.AssertionError">
      <![CDATA[java.lang.AssertionError
at org.junit.Assert.fail(Assert.java:87)
at org.junit.Assert.assertTrue(Assert.java:42)
at org.junit.Assert.assertFalse(Assert.java:65)
at org.junit.Assert.assertFalse(Assert.java:75)
at TravelApp.Login_TestCase.Special_Char(Login_TestCase.java:66)
at java.base/java.util.ArrayList.forEach(ArrayList.java:1511)
... Removed 27 stack frames]]>
    </failure>
  </testcase> <!-- Special_Char -->
  <testcase classname="TravelApp.Login_TestCase" name="Inv_max" time="1.939">
    <failure type="java.lang.AssertionError">
      <![CDATA[java.lang.AssertionError
at org.junit.Assert.fail(Assert.java:87)
at org.junit.Assert.assertTrue(Assert.java:42)
at org.junit.Assert.assertFalse(Assert.java:65)
at org.junit.Assert.assertFalse(Assert.java:75)
at TravelApp.Login_TestCase.Inv_max(Login_TestCase.java:79)
at java.base/java.util.ArrayList.forEach(ArrayList.java:1511)
... Removed 27 stack frames]]>
    </failure>
  </testcase> <!-- Inv_max -->
  <testcase classname="TravelApp.Login_TestCase" name="Empty" time="1.554">
    <failure type="java.lang.AssertionError">
      <![CDATA[java.lang.AssertionError
at org.junit.Assert.fail(Assert.java:87)
at org.junit.Assert.assertTrue(Assert.java:42)
at org.junit.Assert.assertFalse(Assert.java:65)
at org.junit.Assert.assertFalse(Assert.java:75)
at TravelApp.Login_TestCase.Empty(Login_TestCase.java:91)
at java.base/java.util.ArrayList.forEach(ArrayList.java:1511)
... Removed 27 stack frames]]>
    </failure>
  </testcase> <!-- Empty -->
  <testcase classname="TravelApp.View_Routes_Feedback" name="View_Routes_btn" time="2.307"/>
  <testcase classname="TravelApp.View_Routes_Feedback" name="View_Feedback_btn" time="5.896"/>
  <testcase classname="TravelApp.Give_Feedback_TestCases" name="GiveFeedback" time="2.934"/>
  <testcase classname="TravelApp.Give_Feedback_TestCases" name="Max_Feedback" time="3.224"/>
  <testcase classname="TravelApp.Give_Feedback_TestCases" name="clear_Feedback" time="5.448"/>
  <testcase classname="TravelApp.Give_Feedback_TestCases" name="Inv_SpecialChar" time="6.443">
    <failure type="org.openqa.selenium.NoSuchElementException" message="no such element: Unable to locate element: {&amp;quot;method&amp;quot;:&amp;quot;xpath&amp;quot;,&amp;quot;selector&amp;quot;:&amp;quot;//frame[@Name=&amp;apos;tgt&amp;apos;]&amp;quot;}
  (Session info: chrome=127.0.6533.100)
For documentation on this error, please visit: https://www.selenium.dev/documentation/webdriver/troubleshooting/errors#no-such-element-exception
Build info: version: &amp;apos;4.23.0&amp;apos;, revision: &amp;apos;4df0a231af&amp;apos;
System info: os.name: &amp;apos;Windows 11&amp;apos;, os.arch: &amp;apos;amd64&amp;apos;, os.version: &amp;apos;10.0&amp;apos;, java.version: &amp;apos;17.0.7&amp;apos;
Driver info: org.openqa.selenium.chrome.ChromeDriver
Command: [cfa130d5a7500cc0dfa9848be3628a73, findElement {using=xpath, value=//frame[@Name=&amp;apos;tgt&amp;apos;]}]
Capabilities {acceptInsecureCerts: false, browserName: chrome, browserVersion: 127.0.6533.100, chrome: {chromedriverVersion: 127.0.6533.99 (f31af5097d90..., userDataDir: C:\Users\RUTVIK~1\AppData\L...}, fedcm:accounts: true, goog:chromeOptions: {debuggerAddress: localhost:50178}, networkConnectionEnabled: false, pageLoadStrategy: normal, platformName: windows, proxy: Proxy(), se:cdp: ws://localhost:50178/devtoo..., se:cdpVersion: 127.0.6533.100, setWindowRect: true, strictFileInteractability: false, timeouts: {implicit: 0, pageLoad: 300000, script: 30000}, unhandledPromptBehavior: dismiss and notify, webauthn:extension:credBlob: true, webauthn:extension:largeBlob: true, webauthn:extension:minPinLength: true, webauthn:extension:prf: true, webauthn:virtualAuthenticators: true}
Session ID: cfa130d5a7500cc0dfa9848be3628a73">
      <![CDATA[org.openqa.selenium.NoSuchElementException: no such element: Unable to locate element: {"method":"xpath","selector":"//frame[@Name='tgt']"}
  (Session info: chrome=127.0.6533.100)
For documentation on this error, please visit: https://www.selenium.dev/documentation/webdriver/troubleshooting/errors#no-such-element-exception
Build info: version: '4.23.0', revision: '4df0a231af'
System info: os.name: 'Windows 11', os.arch: 'amd64', os.version: '10.0', java.version: '17.0.7'
Driver info: org.openqa.selenium.chrome.ChromeDriver
Command: [cfa130d5a7500cc0dfa9848be3628a73, findElement {using=xpath, value=//frame[@Name='tgt']}]
Capabilities {acceptInsecureCerts: false, browserName: chrome, browserVersion: 127.0.6533.100, chrome: {chromedriverVersion: 127.0.6533.99 (f31af5097d90..., userDataDir: C:\Users\RUTVIK~1\AppData\L...}, fedcm:accounts: true, goog:chromeOptions: {debuggerAddress: localhost:50178}, networkConnectionEnabled: false, pageLoadStrategy: normal, platformName: windows, proxy: Proxy(), se:cdp: ws://localhost:50178/devtoo..., se:cdpVersion: 127.0.6533.100, setWindowRect: true, strictFileInteractability: false, timeouts: {implicit: 0, pageLoad: 300000, script: 30000}, unhandledPromptBehavior: dismiss and notify, webauthn:extension:credBlob: true, webauthn:extension:largeBlob: true, webauthn:extension:minPinLength: true, webauthn:extension:prf: true, webauthn:virtualAuthenticators: true}
Session ID: cfa130d5a7500cc0dfa9848be3628a73
at org.openqa.selenium.remote.ErrorCodec.decode(ErrorCodec.java:167)
at org.openqa.selenium.remote.codec.w3c.W3CHttpResponseCodec.decode(W3CHttpResponseCodec.java:138)
at org.openqa.selenium.remote.codec.w3c.W3CHttpResponseCodec.decode(W3CHttpResponseCodec.java:50)
at org.openqa.selenium.remote.HttpCommandExecutor.execute(HttpCommandExecutor.java:190)
at org.openqa.selenium.remote.service.DriverCommandExecutor.invokeExecute(DriverCommandExecutor.java:216)
at org.openqa.selenium.remote.service.DriverCommandExecutor.execute(DriverCommandExecutor.java:174)
at org.openqa.selenium.remote.RemoteWebDriver.execute(RemoteWebDriver.java:527)
at org.openqa.selenium.remote.ElementLocation$ElementFinder$2.findElement(ElementLocation.java:165)
at org.openqa.selenium.remote.ElementLocation.findElement(ElementLocation.java:59)
at org.openqa.selenium.remote.RemoteWebDriver.findElement(RemoteWebDriver.java:357)
at org.openqa.selenium.remote.RemoteWebDriver.findElement(RemoteWebDriver.java:351)
at TravelApp.Give_Feedback_TestCases.Inv_SpecialChar(Give_Feedback_TestCases.java:121)
at java.base/java.util.ArrayList.forEach(ArrayList.java:1511)
... Removed 32 stack frames]]>
    </failure>
  </testcase> <!-- Inv_SpecialChar -->
  <testcase classname="TravelApp.Give_Feedback_TestCases" name="Inv_Empty_Feedback" time="2.51"/>
  <testcase classname="TravelApp.Give_Feedback_TestCases" name="Inv_TooShort" time="0.65">
    <failure type="java.lang.NullPointerException" message="Cannot invoke &amp;quot;TravelApp.Login_Page.takeScreenshot(String)&amp;quot; because &amp;quot;TravelApp.Give_Feedback_TestCases.Lp&amp;quot; is null">
      <![CDATA[java.lang.NullPointerException: Cannot invoke "TravelApp.Login_Page.takeScreenshot(String)" because "TravelApp.Give_Feedback_TestCases.Lp" is null
at TravelApp.Give_Feedback_TestCases.Inv_TooShort(Give_Feedback_TestCases.java:154)
at java.base/java.util.ArrayList.forEach(ArrayList.java:1511)
... Removed 27 stack frames]]>
    </failure>
  </testcase> <!-- Inv_TooShort -->
  <testcase classname="TravelApp.Give_Feedback_TestCases" name="Inv_TooLong" time="12.44"/>
  <testcase classname="TravelApp.Give_Feedback_TestCases" name="Inv_Format" time="2.519"/>
  <testcase classname="TravelApp.Add_routes_Test_Cases" name="Min_valid_add_routes" time="4.43"/>
  <testcase classname="TravelApp.Add_routes_Test_Cases" name="valid_add_routes" time="4.281"/>
  <testcase classname="TravelApp.Add_routes_Test_Cases" name="Max_valid_add_routes" time="5.638"/>
  <testcase classname="TravelApp.Add_routes_Test_Cases" name="valid_add_routes_Clr" time="4.183"/>
  <testcase classname="TravelApp.Add_routes_Test_Cases" name="max_Invalid_add_route" time="5.573"/>
  <testcase classname="TravelApp.Add_routes_Test_Cases" name="empty_Invalid_add_route" time="4.128"/>
  <testcase classname="TravelApp.Add_routes_Test_Cases" name="format_Invalid_add_route" time="4.662"/>
  <testcase classname="TravelApp.Add_Travel_TestCases" name="Valid_add_Travel" time="3.767">
    <failure type="java.lang.AssertionError" message="expected [true] but found [false]">
      <![CDATA[java.lang.AssertionError: expected [true] but found [false]
at TravelApp.Add_Travel_TestCases.Valid_add_Travel(Add_Travel_TestCases.java:61)
at java.base/java.util.ArrayList.forEach(ArrayList.java:1511)
... Removed 31 stack frames]]>
    </failure>
  </testcase> <!-- Valid_add_Travel -->
  <testcase classname="TravelApp.Add_Travel_TestCases" name="InValid_add_Travel" time="4.855"/>
  <testcase classname="TravelApp.Add_Travel_TestCases" name="Empty_add_Travel" time="3.213"/>
  <testcase classname="TravelApp.Add_Travel_TestCases" name="SpChar_InValid_add_Travel" time="3.91"/>
  <testcase classname="TravelApp.Admin_View_Routes_TestCase" name="View_Routes_btn" time="3.089"/>
  <testcase classname="TravelApp.Admin_LogOut" name="LogOut" time="1.652"/>
</testsuite> <!-- TravelAppTestCases -->
